Flow report for Vol_Bal
Mon Oct 26 13:16:46 2015
Quartus II 64-Bit Version 12.1 Build 243 01/31/2013 Service Pack 1.33 SJ Full Version


---------------------
; Table of Contents ;
---------------------
  1. Legal Notice
  2. Flow Summary
  3. Flow Settings
  4. Flow Non-Default Global Settings
  5. Flow Elapsed Time
  6. Flow OS Summary
  7. Flow Log



----------------
; Legal Notice ;
----------------
Copyright (C) 1991-2012 Altera Corporation
Your use of Altera Corporation's design tools, logic functions 
and other software and tools, and its AMPP partner logic 
functions, and any output files from any of the foregoing 
(including device programming or simulation files), and any 
associated documentation or information are expressly subject 
to the terms and conditions of the Altera Program License 
Subscription Agreement, Altera MegaCore Function License 
Agreement, or other applicable license agreement, including, 
without limitation, that your use is for the sole purpose of 
programming logic devices manufactured by Altera and sold by 
Altera or its authorized distributors.  Please refer to the 
applicable agreement for further details.



+----------------------------------------------------------------------------------------+
; Flow Summary                                                                           ;
+------------------------------------+---------------------------------------------------+
; Flow Status                        ; Successful - Mon Oct 26 13:16:40 2015             ;
; Quartus II 64-Bit Version          ; 12.1 Build 243 01/31/2013 SP 1.33 SJ Full Version ;
; Revision Name                      ; Vol_Bal                                           ;
; Top-level Entity Name              ; Vol_Bal                                           ;
; Family                             ; Cyclone II                                        ;
; Device                             ; EP2C35F672C6                                      ;
; Timing Models                      ; Final                                             ;
; Total logic elements               ; 134 / 33,216 ( < 1 % )                            ;
;     Total combinational functions  ; 101 / 33,216 ( < 1 % )                            ;
;     Dedicated logic registers      ; 72 / 33,216 ( < 1 % )                             ;
; Total registers                    ; 72                                                ;
; Total pins                         ; 81 / 475 ( 17 % )                                 ;
; Total virtual pins                 ; 0                                                 ;
; Total memory bits                  ; 0 / 483,840 ( 0 % )                               ;
; Embedded Multiplier 9-bit elements ; 4 / 70 ( 6 % )                                    ;
; Total PLLs                         ; 0 / 4 ( 0 % )                                     ;
+------------------------------------+---------------------------------------------------+


+-----------------------------------------+
; Flow Settings                           ;
+-------------------+---------------------+
; Option            ; Setting             ;
+-------------------+---------------------+
; Start date & time ; 10/26/2015 13:16:09 ;
; Main task         ; Compilation         ;
; Revision Name     ; Vol_Bal             ;
+-------------------+---------------------+


+-----------------------------------------------------------------------------------------------------------------+
; Flow Non-Default Global Settings                                                                                ;
+-------------------------------------+--------------------------------+---------------+-------------+------------+
; Assignment Name                     ; Value                          ; Default Value ; Entity Name ; Section Id ;
+-------------------------------------+--------------------------------+---------------+-------------+------------+
; COMPILER_SIGNATURE_ID               ; 27114213878893.144586176801420 ; --            ; --          ; --         ;
; MAX_CORE_JUNCTION_TEMP              ; 85                             ; --            ; --          ; --         ;
; MIN_CORE_JUNCTION_TEMP              ; 0                              ; --            ; --          ; --         ;
; PARTITION_COLOR                     ; 16764057                       ; --            ; --          ; Top        ;
; PARTITION_FITTER_PRESERVATION_LEVEL ; PLACEMENT_AND_ROUTING          ; --            ; --          ; Top        ;
; PARTITION_NETLIST_TYPE              ; SOURCE                         ; --            ; --          ; Top        ;
; PROJECT_OUTPUT_DIRECTORY            ; output_files                   ; --            ; --          ; --         ;
+-------------------------------------+--------------------------------+---------------+-------------+------------+


+-------------------------------------------------------------------------------------------------------------------------------+
; Flow Elapsed Time                                                                                                             ;
+---------------------------+--------------+-------------------------+---------------------+------------------------------------+
; Module Name               ; Elapsed Time ; Average Processors Used ; Peak Virtual Memory ; Total CPU Time (on all processors) ;
+---------------------------+--------------+-------------------------+---------------------+------------------------------------+
; Analysis & Synthesis      ; 00:00:08     ; 1.0                     ; 511 MB              ; 00:00:04                           ;
; Fitter                    ; 00:00:12     ; 1.3                     ; 777 MB              ; 00:00:12                           ;
; Assembler                 ; 00:00:06     ; 1.0                     ; 432 MB              ; 00:00:03                           ;
; TimeQuest Timing Analyzer ; 00:00:05     ; 1.0                     ; 418 MB              ; 00:00:02                           ;
; Total                     ; 00:00:31     ; --                      ; --                  ; 00:00:21                           ;
+---------------------------+--------------+-------------------------+---------------------+------------------------------------+


+----------------------------------------------------------------------------------------+
; Flow OS Summary                                                                        ;
+---------------------------+------------------+-----------+------------+----------------+
; Module Name               ; Machine Hostname ; OS Name   ; OS Version ; Processor type ;
+---------------------------+------------------+-----------+------------+----------------+
; Analysis & Synthesis      ; TELEKOM3-16      ; Windows 7 ; 6.1        ; x86_64         ;
; Fitter                    ; TELEKOM3-16      ; Windows 7 ; 6.1        ; x86_64         ;
; Assembler                 ; TELEKOM3-16      ; Windows 7 ; 6.1        ; x86_64         ;
; TimeQuest Timing Analyzer ; TELEKOM3-16      ; Windows 7 ; 6.1        ; x86_64         ;
+---------------------------+------------------+-----------+------------+----------------+


------------
; Flow Log ;
------------
quartus_map --read_settings_files=on --write_settings_files=off Vol_Bal -c Vol_Bal
quartus_fit --read_settings_files=off --write_settings_files=off Vol_Bal -c Vol_Bal
quartus_asm --read_settings_files=off --write_settings_files=off Vol_Bal -c Vol_Bal
quartus_sta Vol_Bal -c Vol_Bal



